20160131 02:19:51.279 20160131 02:19:51.285 20160131 02:19:51.287 20160131 02:19:51.650 20160131 02:19:51.663 20160131 02:19:52.824 20160131 02:19:52.837 20160131 02:19:52.852 20160131 02:19:52.865 20160131 02:19:52.878 20160131 02:19:52.894 20160131 02:19:52.908 20160131 02:19:52.919 20160131 02:19:52.929 20160131 02:19:52.946 20160131 02:19:52.961 20160131 02:19:52.973 20160131 02:19:52.987 20160131 02:19:53.000 20160131 02:19:53.035 20160131 02:19:53.150 20160131 02:19:53.154 20160131 02:19:53.155 20160131 02:19:53.156 20160131 02:19:53.161 20160131 02:19:53.399 20160131 02:19:53.438 20160131 02:20:17.544 java.lang.NumberFormatException: For input string: "saf"
	at java.lang.NumberFormatException.forInputString(NumberFormatException.java:65)
	at java.lang.Integer.parseInt(Integer.java:580)
	at java.lang.Integer.parseInt(Integer.java:615)
	at gdm.JDialogContratoCliente.cargarContratos(JDialogContratoCliente.java:415)
	at gdm.JDialogContratoCliente.formWindowOpened(JDialogContratoCliente.java:323)
	at gdm.JDialogContratoCliente.access$000(JDialogContratoCliente.java:26)
	at gdm.JDialogContratoCliente$1.windowOpened(JDialogContratoCliente.java:58)
	at java.awt.AWTEventMulticaster.windowOpened(AWTEventMulticaster.java:339)
	at java.awt.Window.processWindowEvent(Window.java:2055)
	at javax.swing.JDialog.processWindowEvent(JDialog.java:683)
	at java.awt.Window.processEvent(Window.java:2017)
	at java.awt.Component.dispatchEventImpl(Component.java:4881)
	at java.awt.Container.dispatchEventImpl(Container.java:2292)
	at java.awt.Window.dispatchEventImpl(Window.java:2750)
	at java.awt.Component.dispatchEvent(Component.java:4703)
	at java.awt.EventQueue.dispatchEventImpl(EventQueue.java:751)
	at java.awt.EventQueue.access$500(EventQueue.java:97)
	at java.awt.EventQueue$3.run(EventQueue.java:702)
	at java.awt.EventQueue$3.run(EventQueue.java:696)
	at java.security.AccessController.doPrivileged(Native Method)
	at java.security.ProtectionDomain$1.doIntersectionPrivilege(ProtectionDomain.java:75)
	at java.security.ProtectionDomain$1.doIntersectionPrivilege(ProtectionDomain.java:86)
	at java.awt.EventQueue$4.run(EventQueue.java:724)
	at java.awt.EventQueue$4.run(EventQueue.java:722)
	at java.security.AccessController.doPrivileged(Native Method)
	at java.security.ProtectionDomain$1.doIntersectionPrivilege(ProtectionDomain.java:75)
	at java.awt.EventQueue.dispatchEvent(EventQueue.java:721)
	at java.awt.EventDispatchThread.pumpOneEventForFilters(EventDispatchThread.java:201)
	at java.awt.EventDispatchThread.pumpEventsForFilter(EventDispatchThread.java:116)
	at java.awt.EventDispatchThread.pumpEventsForFilter(EventDispatchThread.java:109)
	at java.awt.WaitDispatchSupport$2.run(WaitDispatchSupport.java:184)
	at java.awt.WaitDispatchSupport$4.run(WaitDispatchSupport.java:229)
	at java.awt.WaitDispatchSupport$4.run(WaitDispatchSupport.java:227)
	at java.security.AccessController.doPrivileged(Native Method)
	at java.awt.WaitDispatchSupport.enter(WaitDispatchSupport.java:227)
	at java.awt.Dialog.show(Dialog.java:1084)
	at java.awt.Component.show(Component.java:1654)
	at java.awt.Component.setVisible(Component.java:1606)
	at java.awt.Window.setVisible(Window.java:1014)
	at java.awt.Dialog.setVisible(Dialog.java:1005)
	at gdm.JPanelContrato.btnVerActionPerformed(JPanelContrato.java:296)
	at gdm.JPanelContrato.access$000(JPanelContrato.java:22)
	at gdm.JPanelContrato$2.actionPerformed(JPanelContrato.java:132)
	at javax.swing.AbstractButton.fireActionPerformed(AbstractButton.java:2022)
	at javax.swing.AbstractButton$Handler.actionPerformed(AbstractButton.java:2346)
	at javax.swing.DefaultButtonModel.fireActionPerformed(DefaultButtonModel.java:402)
	at javax.swing.DefaultButtonModel.setPressed(DefaultButtonModel.java:259)
	at javax.swing.plaf.basic.BasicButtonListener.mouseReleased(BasicButtonListener.java:252)
	at java.awt.Component.processMouseEvent(Component.java:6525)
	at javax.swing.JComponent.processMouseEvent(JComponent.java:3324)
	at java.awt.Component.processEvent(Component.java:6290)
	at java.awt.Container.processEvent(Container.java:2234)
	at java.awt.Component.dispatchEventImpl(Component.java:4881)
	at java.awt.Container.dispatchEventImpl(Container.java:2292)
	at java.awt.Component.dispatchEvent(Component.java:4703)
	at java.awt.LightweightDispatcher.retargetMouseEvent(Container.java:4898)
	at java.awt.LightweightDispatcher.processMouseEvent(Container.java:4533)
	at java.awt.LightweightDispatcher.dispatchEvent(Container.java:4462)
	at java.awt.Container.dispatchEventImpl(Container.java:2278)
	at java.awt.Window.dispatchEventImpl(Window.java:2750)
	at java.awt.Component.dispatchEvent(Component.java:4703)
	at java.awt.EventQueue.dispatchEventImpl(EventQueue.java:751)
	at java.awt.EventQueue.access$500(EventQueue.java:97)
	at java.awt.EventQueue$3.run(EventQueue.java:702)
	at java.awt.EventQueue$3.run(EventQueue.java:696)
	at java.security.AccessController.doPrivileged(Native Method)
	at java.security.ProtectionDomain$1.doIntersectionPrivilege(ProtectionDomain.java:75)
	at java.security.ProtectionDomain$1.doIntersectionPrivilege(ProtectionDomain.java:86)
	at java.awt.EventQueue$4.run(EventQueue.java:724)
	at java.awt.EventQueue$4.run(EventQueue.java:722)
	at java.security.AccessController.doPrivileged(Native Method)
	at java.security.ProtectionDomain$1.doIntersectionPrivilege(ProtectionDomain.java:75)
	at java.awt.EventQueue.dispatchEvent(EventQueue.java:721)
	at java.awt.EventDispatchThread.pumpOneEventForFilters(EventDispatchThread.java:201)
	at java.awt.EventDispatchThread.pumpEventsForFilter(EventDispatchThread.java:116)
	at java.awt.EventDispatchThread.pumpEventsForHierarchy(EventDispatchThread.java:105)
	at java.awt.EventDispatchThread.pumpEvents(EventDispatchThread.java:101)
	at java.awt.EventDispatchThread.pumpEvents(EventDispatchThread.java:93)
	at java.awt.EventDispatchThread.run(EventDispatchThread.java:82)
20160131 02:22:00.534 20160131 02:22:00.538 20160131 02:22:00.541 20160131 02:22:00.832 20160131 02:22:00.845 20160131 02:22:01.879 20160131 02:22:01.894 20160131 02:22:01.914 20160131 02:22:01.945 20160131 02:22:01.962 20160131 02:22:01.981 20160131 02:22:01.996 20160131 02:22:02.011 20160131 02:22:02.027 20160131 02:22:02.045 20160131 02:22:02.064 20160131 02:22:02.077 20160131 02:22:02.110 20160131 02:22:02.127 20160131 02:22:02.154 20160131 02:22:02.245 20160131 02:22:02.250 20160131 02:22:02.252 20160131 02:22:02.252 20160131 02:22:02.257 20160131 02:22:02.489 20160131 02:22:02.524 20160131 02:23:14.388 20160131 02:23:14.394 20160131 02:23:14.396 20160131 02:23:14.786 20160131 02:23:14.798 20160131 02:23:15.828 20160131 02:23:15.842 20160131 02:23:15.860 20160131 02:23:15.876 20160131 02:23:15.891 20160131 02:23:15.907 20160131 02:23:15.920 20160131 02:23:15.930 20160131 02:23:15.941 20160131 02:23:15.958 20160131 02:23:15.976 20160131 02:23:15.986 20160131 02:23:15.995 20160131 02:23:16.007 20160131 02:23:16.034 20160131 02:23:16.137 20160131 02:23:16.142 20160131 02:23:16.145 20160131 02:23:16.145 20160131 02:23:16.150 20160131 02:23:16.392 20160131 02:23:16.422 20160131 02:47:07.334 20160131 02:47:07.337 20160131 02:47:07.339 20160131 02:47:07.614 20160131 02:47:07.625 20160131 02:47:08.616 20160131 02:47:08.628 20160131 02:47:08.639 20160131 02:47:08.650 20160131 02:47:08.669 20160131 02:47:08.682 20160131 02:47:08.691 20160131 02:47:08.699 20160131 02:47:08.708 20160131 02:47:08.734 20160131 02:47:08.746 20160131 02:47:08.754 20160131 02:47:08.764 20160131 02:47:08.772 20160131 02:47:08.790 20160131 02:47:08.871 20160131 02:47:08.875 20160131 02:47:08.877 20160131 02:47:08.877 20160131 02:47:08.882 20160131 02:47:09.075 20160131 02:47:09.114 20160131 02:47:36.311 20160131 02:47:36.314 20160131 02:47:36.317 20160131 02:47:36.606 20160131 02:47:36.618 20160131 02:47:37.516 20160131 02:47:37.539 20160131 02:47:37.553 20160131 02:47:37.566 20160131 02:47:37.579 20160131 02:47:37.592 20160131 02:47:37.608 20160131 02:47:37.617 20160131 02:47:37.626 20160131 02:47:37.647 20160131 02:47:37.660 20160131 02:47:37.679 20160131 02:47:37.687 20160131 02:47:37.698 20160131 02:47:37.750 20160131 02:47:37.848 20160131 02:47:37.852 20160131 02:47:37.854 20160131 02:47:37.854 20160131 02:47:37.859 20160131 02:47:38.060 20160131 02:47:38.088 